F:\CODE\MYCODE\LOTTERY_7XC\DEBUG\LOTTERY_7XC.EXE
F:\CODE\MYCODE\LOTTERY_7XC\DEBUG\LOTTERY_7XC.ILK
F:\CODE\MYCODE\LOTTERY_7XC\DEBUG\LOTTERY_7XC.PDB
F:\Code\MyCode\lottery_7xc\lottery_7xc\Debug\cl.command.1.tlog
F:\Code\MyCode\lottery_7xc\lottery_7xc\Debug\CL.read.1.tlog
F:\Code\MyCode\lottery_7xc\lottery_7xc\Debug\CL.write.1.tlog
F:\CODE\MYCODE\LOTTERY_7XC\LOTTERY_7XC\DEBUG\INIFILE.OBJ
F:\Code\MyCode\lottery_7xc\lottery_7xc\Debug\link.11840.read.1.tlog
F:\Code\MyCode\lottery_7xc\lottery_7xc\Debug\link.11840.write.1.tlog
F:\Code\MyCode\lottery_7xc\lottery_7xc\Debug\link.11840-cvtres.read.1.tlog
F:\Code\MyCode\lottery_7xc\lottery_7xc\Debug\link.11840-cvtres.write.1.tlog
F:\Code\MyCode\lottery_7xc\lottery_7xc\Debug\link.17192.read.1.tlog
F:\Code\MyCode\lottery_7xc\lottery_7xc\Debug\link.17192.write.1.tlog
F:\Code\MyCode\lottery_7xc\lottery_7xc\Debug\link.17192-cvtres.read.1.tlog
F:\Code\MyCode\lottery_7xc\lottery_7xc\Debug\link.17192-cvtres.write.1.tlog
F:\Code\MyCode\lottery_7xc\lottery_7xc\Debug\link.4460.read.1.tlog
F:\Code\MyCode\lottery_7xc\lottery_7xc\Debug\link.4460.write.1.tlog
F:\Code\MyCode\lottery_7xc\lottery_7xc\Debug\link.4460-cvtres.read.1.tlog
F:\Code\MyCode\lottery_7xc\lottery_7xc\Debug\link.4460-cvtres.write.1.tlog
F:\Code\MyCode\lottery_7xc\lottery_7xc\Debug\link.6384.read.1.tlog
F:\Code\MyCode\lottery_7xc\lottery_7xc\Debug\link.6384.write.1.tlog
F:\Code\MyCode\lottery_7xc\lottery_7xc\Debug\link.6384-cvtres.read.1.tlog
F:\Code\MyCode\lottery_7xc\lottery_7xc\Debug\link.6384-cvtres.write.1.tlog
F:\Code\MyCode\lottery_7xc\lottery_7xc\Debug\link.9056.read.1.tlog
F:\Code\MyCode\lottery_7xc\lottery_7xc\Debug\link.9056.write.1.tlog
F:\Code\MyCode\lottery_7xc\lottery_7xc\Debug\link.9056-cvtres.read.1.tlog
F:\Code\MyCode\lottery_7xc\lottery_7xc\Debug\link.9056-cvtres.write.1.tlog
F:\Code\MyCode\lottery_7xc\lottery_7xc\Debug\link.command.1.tlog
F:\Code\MyCode\lottery_7xc\lottery_7xc\Debug\link.read.1.tlog
F:\Code\MyCode\lottery_7xc\lottery_7xc\Debug\link.write.1.tlog
F:\Code\MyCode\lottery_7xc\lottery_7xc\Debug\link-cvtres.read.1.tlog
F:\Code\MyCode\lottery_7xc\lottery_7xc\Debug\link-cvtres.write.1.tlog
F:\CODE\MYCODE\LOTTERY_7XC\LOTTERY_7XC\DEBUG\LOTTERY_7XC.EXE.EMBED.MANIFEST
F:\CODE\MYCODE\LOTTERY_7XC\LOTTERY_7XC\DEBUG\LOTTERY_7XC.EXE.EMBED.MANIFEST.RES
F:\CODE\MYCODE\LOTTERY_7XC\LOTTERY_7XC\DEBUG\LOTTERY_7XC.EXE.INTERMEDIATE.MANIFEST
F:\CODE\MYCODE\LOTTERY_7XC\LOTTERY_7XC\DEBUG\LOTTERY_7XC.OBJ
F:\CODE\MYCODE\LOTTERY_7XC\LOTTERY_7XC\DEBUG\LOTTERY_7XC.PCH
F:\Code\MyCode\lottery_7xc\lottery_7xc\Debug\lottery_7xc.vcxprojResolveAssemblyReference.cache
F:\Code\MyCode\lottery_7xc\lottery_7xc\Debug\lottery_7xc.write.1.tlog
F:\Code\MyCode\lottery_7xc\lottery_7xc\Debug\lottery_7xc_manifest.rc
F:\CODE\MYCODE\LOTTERY_7XC\LOTTERY_7XC\DEBUG\LOTTERYFILER.OBJ
F:\CODE\MYCODE\LOTTERY_7XC\LOTTERY_7XC\DEBUG\LOTTERYNETWORKUPDATER.OBJ
F:\Code\MyCode\lottery_7xc\lottery_7xc\Debug\mt.command.1.tlog
F:\Code\MyCode\lottery_7xc\lottery_7xc\Debug\mt.read.1.tlog
F:\Code\MyCode\lottery_7xc\lottery_7xc\Debug\mt.write.1.tlog
F:\CODE\MYCODE\LOTTERY_7XC\LOTTERY_7XC\DEBUG\OPARETOR.OBJ
F:\CODE\MYCODE\LOTTERY_7XC\LOTTERY_7XC\DEBUG\QXCLOTTERY.OBJ
F:\CODE\MYCODE\LOTTERY_7XC\LOTTERY_7XC\DEBUG\RATEOPARETOR.OBJ
F:\Code\MyCode\lottery_7xc\lottery_7xc\Debug\rc.command.1.tlog
F:\Code\MyCode\lottery_7xc\lottery_7xc\Debug\rc.read.1.tlog
F:\Code\MyCode\lottery_7xc\lottery_7xc\Debug\rc.write.1.tlog
F:\CODE\MYCODE\LOTTERY_7XC\LOTTERY_7XC\DEBUG\STDAFX.OBJ
F:\Code\MyCode\lottery_7xc\lottery_7xc\Debug\vc100.idb
F:\CODE\MYCODE\LOTTERY_7XC\LOTTERY_7XC\DEBUG\VC100.PDB
