..\bin\lottery_7xc_debug.ilk
..\bin\lottery_7xc_debug.pdb
F:\CODE\MYCODE\LOTTERY_7XC\BIN\LOTTERY_7XC.EXE
F:\CODE\MYCODE\LOTTERY_7XC\BIN\LOTTERY_7XC.ILK
F:\CODE\MYCODE\LOTTERY_7XC\BIN\LOTTERY_7XC.PDB
F:\CODE\MYCODE\LOTTERY_7XC\BIN\LOTTERY_7XC_DEBUG.EXE
F:\CODE\MYCODE\LOTTERY_7XC\BIN\LOTTERY_7XC_DEBUG.ILK
F:\CODE\MYCODE\LOTTERY_7XC\BIN\LOTTERY_7XC_DEBUG.PDB
F:\Code\MyCode\lottery_7xc\lottery_7xc\..\bin\lottery_7xc_debug.exe
F:\Code\MyCode\lottery_7xc\lottery_7xc\Debug\cl.command.1.tlog
F:\Code\MyCode\lottery_7xc\lottery_7xc\Debug\CL.read.1.tlog
F:\Code\MyCode\lottery_7xc\lottery_7xc\Debug\CL.write.1.tlog
F:\CODE\MYCODE\LOTTERY_7XC\LOTTERY_7XC\DEBUG\INIFILE.OBJ
F:\Code\MyCode\lottery_7xc\lottery_7xc\Debug\link.3524.read.1.tlog
F:\Code\MyCode\lottery_7xc\lottery_7xc\Debug\link.3524.write.1.tlog
F:\Code\MyCode\lottery_7xc\lottery_7xc\Debug\link.3524-cvtres.read.1.tlog
F:\Code\MyCode\lottery_7xc\lottery_7xc\Debug\link.3524-cvtres.write.1.tlog
F:\Code\MyCode\lottery_7xc\lottery_7xc\Debug\link.3748.read.1.tlog
F:\Code\MyCode\lottery_7xc\lottery_7xc\Debug\link.3748.write.1.tlog
F:\Code\MyCode\lottery_7xc\lottery_7xc\Debug\link.3748-cvtres.read.1.tlog
F:\Code\MyCode\lottery_7xc\lottery_7xc\Debug\link.3748-cvtres.write.1.tlog
F:\Code\MyCode\lottery_7xc\lottery_7xc\Debug\link.3936.read.1.tlog
F:\Code\MyCode\lottery_7xc\lottery_7xc\Debug\link.3936.write.1.tlog
F:\Code\MyCode\lottery_7xc\lottery_7xc\Debug\link.3936-cvtres.read.1.tlog
F:\Code\MyCode\lottery_7xc\lottery_7xc\Debug\link.3936-cvtres.write.1.tlog
F:\Code\MyCode\lottery_7xc\lottery_7xc\Debug\link.5968.read.1.tlog
F:\Code\MyCode\lottery_7xc\lottery_7xc\Debug\link.5968.write.1.tlog
F:\Code\MyCode\lottery_7xc\lottery_7xc\Debug\link.5968-cvtres.read.1.tlog
F:\Code\MyCode\lottery_7xc\lottery_7xc\Debug\link.5968-cvtres.write.1.tlog
F:\Code\MyCode\lottery_7xc\lottery_7xc\Debug\link.command.1.tlog
F:\Code\MyCode\lottery_7xc\lottery_7xc\Debug\link.read.1.tlog
F:\Code\MyCode\lottery_7xc\lottery_7xc\Debug\link.write.1.tlog
F:\Code\MyCode\lottery_7xc\lottery_7xc\Debug\link-cvtres.read.1.tlog
F:\Code\MyCode\lottery_7xc\lottery_7xc\Debug\link-cvtres.write.1.tlog
F:\CODE\MYCODE\LOTTERY_7XC\LOTTERY_7XC\DEBUG\LOTTERY_7XC.EXE.EMBED.MANIFEST
F:\CODE\MYCODE\LOTTERY_7XC\LOTTERY_7XC\DEBUG\LOTTERY_7XC.EXE.EMBED.MANIFEST.RES
F:\CODE\MYCODE\LOTTERY_7XC\LOTTERY_7XC\DEBUG\LOTTERY_7XC.EXE.INTERMEDIATE.MANIFEST
F:\CODE\MYCODE\LOTTERY_7XC\LOTTERY_7XC\DEBUG\LOTTERY_7XC.OBJ
F:\CODE\MYCODE\LOTTERY_7XC\LOTTERY_7XC\DEBUG\LOTTERY_7XC.PCH
F:\Code\MyCode\lottery_7xc\lottery_7xc\Debug\lottery_7xc.vcxprojResolveAssemblyReference.cache
F:\Code\MyCode\lottery_7xc\lottery_7xc\Debug\lottery_7xc.write.1.tlog
F:\CODE\MYCODE\LOTTERY_7XC\LOTTERY_7XC\DEBUG\LOTTERY_7XC_DEBUG.EXE.EMBED.MANIFEST
F:\CODE\MYCODE\LOTTERY_7XC\LOTTERY_7XC\DEBUG\LOTTERY_7XC_DEBUG.EXE.EMBED.MANIFEST.RES
F:\CODE\MYCODE\LOTTERY_7XC\LOTTERY_7XC\DEBUG\LOTTERY_7XC_DEBUG.EXE.INTERMEDIATE.MANIFEST
F:\CODE\MYCODE\LOTTERY_7XC\LOTTERY_7XC\DEBUG\LOTTERY_7XC_DEBUG.PCH
F:\Code\MyCode\lottery_7xc\lottery_7xc\Debug\lottery_7xc_debug_manifest.rc
F:\Code\MyCode\lottery_7xc\lottery_7xc\Debug\lottery_7xc_manifest.rc
F:\CODE\MYCODE\LOTTERY_7XC\LOTTERY_7XC\DEBUG\LOTTERYFILER.OBJ
F:\CODE\MYCODE\LOTTERY_7XC\LOTTERY_7XC\DEBUG\LOTTERYNETWORKUPDATER.OBJ
F:\Code\MyCode\lottery_7xc\lottery_7xc\Debug\mt.command.1.tlog
F:\Code\MyCode\lottery_7xc\lottery_7xc\Debug\mt.read.1.tlog
F:\Code\MyCode\lottery_7xc\lottery_7xc\Debug\mt.write.1.tlog
F:\CODE\MYCODE\LOTTERY_7XC\LOTTERY_7XC\DEBUG\OPARETOR.OBJ
F:\CODE\MYCODE\LOTTERY_7XC\LOTTERY_7XC\DEBUG\QXCLOTTERY.OBJ
F:\CODE\MYCODE\LOTTERY_7XC\LOTTERY_7XC\DEBUG\RATEOPARETOR.OBJ
F:\Code\MyCode\lottery_7xc\lottery_7xc\Debug\rc.command.1.tlog
F:\Code\MyCode\lottery_7xc\lottery_7xc\Debug\rc.read.1.tlog
F:\Code\MyCode\lottery_7xc\lottery_7xc\Debug\rc.write.1.tlog
F:\CODE\MYCODE\LOTTERY_7XC\LOTTERY_7XC\DEBUG\STDAFX.OBJ
F:\Code\MyCode\lottery_7xc\lottery_7xc\Debug\vc100.idb
F:\CODE\MYCODE\LOTTERY_7XC\LOTTERY_7XC\DEBUG\VC100.PDB
