生成启动时间为 2017/12/30 21:34:51。
     1>项目“F:\Code\MyCode\lottery_7xc\lottery_7xc\lottery_7xc.vcxproj”在节点 2 上(build 个目标)。
     1>InitializeBuildStatus:
         正在创建“Debug\lottery_7xc.unsuccessfulbuild”，因为已指定“AlwaysCreate”。
       ClCompile:
         所有输出均为最新。
         C:\Program Files (x86)\Microsoft Visual Studio 10.0\VC\bin\CL.exe /c /ZI /nologo /W3 /WX- /Od /Oy- /D WIN32 /D _DEBUG /D _CONSOLE /D _UNICODE /D UNICODE /Gm /EHsc /RTC1 /MDd /GS /fp:precise /Zc:wchar_t /Zc:forScope /Yu"StdAfx.h" /Fp"Debug\lottery_7xc_debug.pch" /Fo"Debug\\" /Fd"Debug\vc100.pdb" /Gd /TP /analyze- /errorReport:prompt IntervalRateOparetor.cpp
         IntervalRateOparetor.cpp
         所有输出均为最新。
       ManifestResourceCompile:
         所有输出均为最新。
       Link:
         C:\Program Files (x86)\Microsoft Visual Studio 10.0\VC\bin\link.exe /ERRORREPORT:PROMPT /OUT:"..\bin\lottery_7xc_debug.exe" /INCREMENTAL /NOLOGO kernel32.lib user32.lib gdi32.lib winspool.lib comdlg32.lib advapi32.lib shell32.lib ole32.lib oleaut32.lib uuid.lib odbc32.lib odbccp32.lib /MANIFEST /ManifestFile:"Debug\lottery_7xc_debug.exe.intermediate.manifest" /MANIFESTUAC:"level='asInvoker' uiAccess='false'" /DEBUG /PDB:"F:\Code\MyCode\lottery_7xc\bin\lottery_7xc_debug.pdb" /SUBSYSTEM:CONSOLE /TLBID:1 /DYNAMICBASE /NXCOMPAT /IMPLIB:"..\bin\lottery_7xc_debug.lib" /MACHINE:X86 Debug\lottery_7xc_debug.exe.embed.manifest.res
         Debug\GlobalFunc.obj
         Debug\IniFile.obj
         Debug\IntervalRateOparetor.obj
         Debug\LotteryFiler.obj
         Debug\LotteryNetworkUpdater.obj
         Debug\lottery_7xc.obj
         Debug\Oparetor.obj
         Debug\QxcLottery.obj
         Debug\RateOparetor.obj
         Debug\stdafx.obj
       Manifest:
         C:\Program Files (x86)\Microsoft SDKs\Windows\v7.0A\bin\mt.exe /nologo /verbose /out:"Debug\lottery_7xc_debug.exe.embed.manifest" /manifest Debug\lottery_7xc_debug.exe.intermediate.manifest
         所有输出均为最新。
       LinkEmbedManifest:
         所有输出均为最新。
         lottery_7xc.vcxproj -> F:\Code\MyCode\lottery_7xc\lottery_7xc\..\bin\lottery_7xc_debug.exe
       FinalizeBuildStatus:
         正在删除文件“Debug\lottery_7xc.unsuccessfulbuild”。
         正在对“Debug\lottery_7xc.lastbuildstate”执行 Touch 任务。
     1>已完成生成项目“F:\Code\MyCode\lottery_7xc\lottery_7xc\lottery_7xc.vcxproj”(build 个目标)的操作。

生成成功。

已用时间 00:00:02.76
