../bin\lottery_7xc.pdb
F:\CODE\MYCODE\LOTTERY_7XC\BIN\LOTTERY_7XC.EXE
F:\CODE\MYCODE\LOTTERY_7XC\BIN\LOTTERY_7XC.PDB
F:\Code\MyCode\lottery_7xc\lottery_7xc\../bin\lottery_7xc.exe
F:\Code\MyCode\lottery_7xc\lottery_7xc\Release\cl.command.1.tlog
F:\Code\MyCode\lottery_7xc\lottery_7xc\Release\CL.read.1.tlog
F:\Code\MyCode\lottery_7xc\lottery_7xc\Release\CL.write.1.tlog
F:\CODE\MYCODE\LOTTERY_7XC\LOTTERY_7XC\RELEASE\GLOBALFUNC.OBJ
F:\CODE\MYCODE\LOTTERY_7XC\LOTTERY_7XC\RELEASE\INIFILE.OBJ
F:\CODE\MYCODE\LOTTERY_7XC\LOTTERY_7XC\RELEASE\INTERVALRATEOPARETOR.OBJ
F:\Code\MyCode\lottery_7xc\lottery_7xc\Release\link.command.1.tlog
F:\Code\MyCode\lottery_7xc\lottery_7xc\Release\link.read.1.tlog
F:\Code\MyCode\lottery_7xc\lottery_7xc\Release\link.write.1.tlog
F:\CODE\MYCODE\LOTTERY_7XC\LOTTERY_7XC\RELEASE\LOTTERY_7XC.EXE.INTERMEDIATE.MANIFEST
F:\CODE\MYCODE\LOTTERY_7XC\LOTTERY_7XC\RELEASE\LOTTERY_7XC.OBJ
F:\CODE\MYCODE\LOTTERY_7XC\LOTTERY_7XC\RELEASE\LOTTERY_7XC.PCH
F:\Code\MyCode\lottery_7xc\lottery_7xc\Release\lottery_7xc.vcxprojResolveAssemblyReference.cache
F:\Code\MyCode\lottery_7xc\lottery_7xc\Release\lottery_7xc.write.1.tlog
F:\CODE\MYCODE\LOTTERY_7XC\LOTTERY_7XC\RELEASE\LOTTERYFILER.OBJ
F:\CODE\MYCODE\LOTTERY_7XC\LOTTERY_7XC\RELEASE\LOTTERYNETWORKUPDATER.OBJ
F:\Code\MyCode\lottery_7xc\lottery_7xc\Release\mt.command.1.tlog
F:\Code\MyCode\lottery_7xc\lottery_7xc\Release\mt.read.1.tlog
F:\Code\MyCode\lottery_7xc\lottery_7xc\Release\mt.write.1.tlog
F:\CODE\MYCODE\LOTTERY_7XC\LOTTERY_7XC\RELEASE\OPARETOR.OBJ
F:\CODE\MYCODE\LOTTERY_7XC\LOTTERY_7XC\RELEASE\QXCLOTTERY.OBJ
F:\CODE\MYCODE\LOTTERY_7XC\LOTTERY_7XC\RELEASE\RATEOPARETOR.OBJ
F:\CODE\MYCODE\LOTTERY_7XC\LOTTERY_7XC\RELEASE\STDAFX.OBJ
F:\CODE\MYCODE\LOTTERY_7XC\LOTTERY_7XC\RELEASE\VC100.PDB
