生成启动时间为 2017/12/31 8:16:06。
     1>项目“F:\Code\MyCode\lottery_7xc\lottery_7xc\lottery_7xc.vcxproj”在节点 2 上(build 个目标)。
     1>C:\Program Files (x86)\MSBuild\Microsoft.Cpp\v4.0\Microsoft.CppBuild.targets(299,5): warning MSB8004: Output 目录未以斜杠结尾。此生成实例将添加斜杠，因为必须有这个斜杠才能正确计算 Output 目录。
     1>InitializeBuildStatus:
         正在创建“Release\lottery_7xc.unsuccessfulbuild”，因为已指定“AlwaysCreate”。
       ClCompile:
         所有输出均为最新。
         C:\Program Files (x86)\Microsoft Visual Studio 10.0\VC\bin\CL.exe /c /Zi /nologo /W3 /WX- /O2 /Oi /Oy- /GL /D WIN32 /D NDEBUG /D _CONSOLE /D _UNICODE /D UNICODE /Gm- /EHsc /MD /GS /Gy /fp:precise /Zc:wchar_t /Zc:forScope /Yu"StdAfx.h" /Fp"Release\lottery_7xc.pch" /Fo"Release\\" /Fd"Release\vc100.pdb" /Gd /TP /analyze- /errorReport:prompt RateOparetor.cpp
         RateOparetor.cpp
     1>RateOparetor.cpp(176): warning C4018: “<”: 有符号/无符号不匹配
     1>RateOparetor.cpp(179): warning C4018: “<”: 有符号/无符号不匹配
       Link:
         C:\Program Files (x86)\Microsoft Visual Studio 10.0\VC\bin\link.exe /ERRORREPORT:PROMPT /OUT:"../bin\lottery_7xc.exe" /INCREMENTAL:NO /NOLOGO kernel32.lib user32.lib gdi32.lib winspool.lib comdlg32.lib advapi32.lib shell32.lib ole32.lib oleaut32.lib uuid.lib odbc32.lib odbccp32.lib /MANIFEST /ManifestFile:"Release\lottery_7xc.exe.intermediate.manifest" /MANIFESTUAC:"level='asInvoker' uiAccess='false'" /DEBUG /PDB:"F:\Code\MyCode\lottery_7xc\bin\lottery_7xc.pdb" /SUBSYSTEM:CONSOLE /OPT:REF /OPT:ICF /LTCG /TLBID:1 /DYNAMICBASE /NXCOMPAT /IMPLIB:"../bin\lottery_7xc.lib" /MACHINE:X86 Release\GlobalFunc.obj
         Release\IniFile.obj
         Release\IntervalRateOparetor.obj
         Release\LotteryFiler.obj
         Release\LotteryNetworkUpdater.obj
         Release\lottery_7xc.obj
         Release\Oparetor.obj
         Release\QxcLottery.obj
         Release\RateOparetor.obj
         Release\stdafx.obj
         正在生成代码
         已完成代码的生成
         lottery_7xc.vcxproj -> F:\Code\MyCode\lottery_7xc\lottery_7xc\../bin\lottery_7xc.exe
       Manifest:
         C:\Program Files (x86)\Microsoft SDKs\Windows\v7.0A\bin\mt.exe /nologo /verbose /outputresource:"../bin\lottery_7xc.exe;#1" /manifest Release\lottery_7xc.exe.intermediate.manifest
       FinalizeBuildStatus:
         正在删除文件“Release\lottery_7xc.unsuccessfulbuild”。
         正在对“Release\lottery_7xc.lastbuildstate”执行 Touch 任务。
     1>已完成生成项目“F:\Code\MyCode\lottery_7xc\lottery_7xc\lottery_7xc.vcxproj”(build 个目标)的操作。

生成成功。

已用时间 00:00:01.77
